<?xml version="1.0" encoding="UTF-8"?>
<!-- Generated by org.testng.reporters.JUnitXMLReporter -->
<testsuite hostname="LAPTOP-RJ4OSE86" ignored="2" name="Groupingconcept" tests="2" failures="0" timestamp="12 Sep 2022 13:52:19 GMT" time="0.057" errors="0">
  <testcase name="First" time="0.027" classname="grouping.GroupPractice"/>
  <testcase name="Fourth" time="0.003" classname="grouping.GroupPractice"/>
  <testcase name="Second" time="0.0" classname="grouping.GroupPractice">
    <ignored/>
  </testcase> <!-- Second -->
  <testcase name="Third" time="0.0" classname="grouping.GroupPractice">
    <ignored/>
  </testcase> <!-- Third -->
</testsuite> <!-- Groupingconcept -->
