<?xml version="1.0" encoding="UTF-8"?>
<!-- Generated by org.testng.reporters.JUnitXMLReporter -->
<testsuite hostname="LAPTOP-RJ4OSE86" ignored="0" name="Test" tests="3" failures="1" timestamp="20 Sep 2022 17:10:04 GMT" time="22.488" errors="0">
  <testcase name="test1" time="0.011" classname="extentReport.ExtentReport"/>
  <testcase name="test2" time="0.002" classname="extentReport.ExtentReport">
    <failure type="java.lang.AssertionError" message="expected [true] but found [false]">
      <![CDATA[java.lang.AssertionError: expected [true] but found [false]
at extentReport.ExtentReport.test2(ExtentReport.java:33)
... Removed 29 stack frames]]>
    </failure>
  </testcase> <!-- test2 -->
  <testcase name="Actualcode" time="21.585" classname="extentReport.extentReportPractice"/>
</testsuite> <!-- Test -->
