<?xml version="1.0" encoding="UTF-8"?>
<testng-results skipped="0" failed="0" ignored="0" total="1" passed="1">
  <reporter-output>
  </reporter-output>
  <suite name="Default suite" duration-ms="4799" started-at="2022-10-19T07:43:28 IST" finished-at="2022-10-19T07:43:33 IST">
    <groups>
    </groups>
    <test name="Default test" duration-ms="4799" started-at="2022-10-19T07:43:28 IST" finished-at="2022-10-19T07:43:33 IST">
      <class name="httpRequest.PostwithcodeOptimisation">
        <test-method status="PASS" signature="Post()[pri:0, instance:httpRequest.PostwithcodeOptimisation@184f6be2]" name="Post" duration-ms="4735" started-at="2022-10-19T07:43:28 IST" finished-at="2022-10-19T07:43:33 IST">
          <reporter-output>
          </reporter-output>
        </test-method> <!-- Post -->
      </class> <!-- httpRequest.PostwithcodeOptimisation -->
    </test> <!-- Default test -->
  </suite> <!-- Default suite -->
</testng-results>
