<?xml version="1.0" encoding="UTF-8"?>
<!-- Generated by org.testng.reporters.JUnitXMLReporter -->
<testsuite hostname="LAPTOP-RJ4OSE86" ignored="0" name="dataDriven" tests="4" failures="0" timestamp="18 Sep 2022 16:48:08 GMT" time="19.678" errors="0">
  <testcase name="OpenAppl" time="18.684" classname="DataDriventesting.DataDrivenPractice"/>
  <testcase name="getCellDetails" time="0.105" classname="DataDriventesting.DataDrivenPractice"/>
  <testcase name="getRowDetails" time="0.052" classname="DataDriventesting.DataDrivenPractice"/>
  <testcase name="getSheetdetails" time="0.049" classname="DataDriventesting.DataDrivenPractice"/>
</testsuite> <!-- dataDriven -->
